# JRE version: Java(TM) SE Runtime Environment (8.0_201-b09) (build 1.8.0_201-b09)
# Java VM: Java HotSpot(TM) 64-Bit Server VM (25.201-b09 mixed mode windows-amd64 compressed oops)
Heap:
 PSYoungGen      total 69632K, used 67532K [0x00000000d6200000, 0x00000000dc180000, 0x0000000100000000)
  eden space 61440K, 100% used [0x00000000d6200000,0x00000000d9e00000,0x00000000d9e00000)
  from space 8192K, 74% used [0x00000000d9e00000,0x00000000da3f33b8,0x00000000da600000)
  to   space 8192K, 55% used [0x00000000db980000,0x00000000dbdf1040,0x00000000dc180000)
 ParOldGen       total 56832K, used 6964K [0x0000000082600000, 0x0000000085d80000, 0x00000000d6200000)
  object space 56832K, 12% used [0x0000000082600000,0x0000000082ccd1f0,0x0000000085d80000)
 Metaspace       used 30394K, capacity 31440K, committed 31616K, reserved 1077248K
  class space    used 3916K, capacity 4174K, committed 4224K, reserved 1048576K
GC Heap History (10 events):
Event: 3.250 GC heap after
Heap after GC invocations=4 (full 0):
 PSYoungGen      total 37888K, used 5096K [0x00000000d6200000, 0x00000000dac00000, 0x0000000100000000)
  eden space 32768K, 0% used [0x00000000d6200000,0x00000000d6200000,0x00000000d8200000)
  from space 5120K, 99% used [0x00000000d8700000,0x00000000d8bfa040,0x00000000d8c00000)
  to   space 5120K, 0% used [0x00000000d8200000,0x00000000d8200000,0x00000000d8700000)
 ParOldGen       total 86016K, used 2312K [0x0000000082600000, 0x0000000087a00000, 0x00000000d6200000)
  object space 86016K, 2% used [0x0000000082600000,0x00000000828422d8,0x0000000087a00000)
 Metaspace       used 17852K, capacity 18410K, committed 18688K, reserved 1064960K
  class space    used 2343K, capacity 2465K, committed 2560K, reserved 1048576K
}
Event: 3.490 GC heap before
{Heap before GC invocations=5 (full 0):
 PSYoungGen      total 37888K, used 27923K [0x00000000d6200000, 0x00000000dac00000, 0x0000000100000000)
  eden space 32768K, 69% used [0x00000000d6200000,0x00000000d784af70,0x00000000d8200000)
  from space 5120K, 99% used [0x00000000d8700000,0x00000000d8bfa040,0x00000000d8c00000)
  to   space 5120K, 0% used [0x00000000d8200000,0x00000000d8200000,0x00000000d8700000)
 ParOldGen       total 86016K, used 2312K [0x0000000082600000, 0x0000000087a00000, 0x00000000d6200000)
  object space 86016K, 2% used [0x0000000082600000,0x00000000828422d8,0x0000000087a00000)
 Metaspace       used 20564K, capacity 21200K, committed 21248K, reserved 1067008K
  class space    used 2654K, capacity 2816K, committed 2816K, reserved 1048576K
Event: 3.499 GC heap after
Heap after GC invocations=5 (full 0):
 PSYoungGen      total 37888K, used 5110K [0x00000000d6200000, 0x00000000db200000, 0x0000000100000000)
  eden space 32768K, 0% used [0x00000000d6200000,0x00000000d6200000,0x00000000d8200000)
  from space 5120K, 99% used [0x00000000d8200000,0x00000000d86fd8a0,0x00000000d8700000)
  to   space 8192K, 0% used [0x00000000daa00000,0x00000000daa00000,0x00000000db200000)
 ParOldGen       total 86016K, used 4246K [0x0000000082600000, 0x0000000087a00000, 0x00000000d6200000)
  object space 86016K, 4% used [0x0000000082600000,0x0000000082a25978,0x0000000087a00000)
 Metaspace       used 20564K, capacity 21200K, committed 21248K, reserved 1067008K
  class space    used 2654K, capacity 2816K, committed 2816K, reserved 1048576K
}
Event: 3.499 GC heap before
{Heap before GC invocations=6 (full 1):
 PSYoungGen      total 37888K, used 5110K [0x00000000d6200000, 0x00000000db200000, 0x0000000100000000)
  eden space 32768K, 0% used [0x00000000d6200000,0x00000000d6200000,0x00000000d8200000)
  from space 5120K, 99% used [0x00000000d8200000,0x00000000d86fd8a0,0x00000000d8700000)
  to   space 8192K, 0% used [0x00000000daa00000,0x00000000daa00000,0x00000000db200000)
 ParOldGen       total 86016K, used 4246K [0x0000000082600000, 0x0000000087a00000, 0x00000000d6200000)
  object space 86016K, 4% used [0x0000000082600000,0x0000000082a25978,0x0000000087a00000)
 Metaspace       used 20564K, capacity 21200K, committed 21248K, reserved 1067008K
  class space    used 2654K, capacity 2816K, committed 2816K, reserved 1048576K
Event: 3.541 GC heap after
Heap after GC invocations=6 (full 1):
 PSYoungGen      total 37888K, used 0K [0x00000000d6200000, 0x00000000db200000, 0x0000000100000000)
  eden space 32768K, 0% used [0x00000000d6200000,0x00000000d6200000,0x00000000d8200000)
  from space 5120K, 0% used [0x00000000d8200000,0x00000000d8200000,0x00000000d8700000)
  to   space 8192K, 0% used [0x00000000daa00000,0x00000000daa00000,0x00000000db200000)
 ParOldGen       total 56832K, used 6892K [0x0000000082600000, 0x0000000085d80000, 0x00000000d6200000)
  object space 56832K, 12% used [0x0000000082600000,0x0000000082cbb1e0,0x0000000085d80000)
 Metaspace       used 20564K, capacity 21200K, committed 21248K, reserved 1067008K
  class space    used 2654K, capacity 2816K, committed 2816K, reserved 1048576K
}
Event: 3.949 GC heap before
{Heap before GC invocations=7 (full 1):
 PSYoungGen      total 37888K, used 32768K [0x00000000d6200000, 0x00000000db200000, 0x0000000100000000)
  eden space 32768K, 100% used [0x00000000d6200000,0x00000000d8200000,0x00000000d8200000)
  from space 5120K, 0% used [0x00000000d8200000,0x00000000d8200000,0x00000000d8700000)
  to   space 8192K, 0% used [0x00000000daa00000,0x00000000daa00000,0x00000000db200000)
 ParOldGen       total 56832K, used 6892K [0x0000000082600000, 0x0000000085d80000, 0x00000000d6200000)
  object space 56832K, 12% used [0x0000000082600000,0x0000000082cbb1e0,0x0000000085d80000)
 Metaspace       used 23178K, capacity 23866K, committed 24064K, reserved 1071104K
  class space    used 3007K, capacity 3209K, committed 3328K, reserved 1048576K
Event: 3.959 GC heap after
Heap after GC invocations=7 (full 1):
 PSYoungGen      total 56320K, used 3881K [0x00000000d6200000, 0x00000000dae00000, 0x0000000100000000)
  eden space 52224K, 0% used [0x00000000d6200000,0x00000000d6200000,0x00000000d9500000)
  from space 4096K, 94% used [0x00000000daa00000,0x00000000dadca778,0x00000000dae00000)
  to   space 8192K, 0% used [0x00000000d9e00000,0x00000000d9e00000,0x00000000da600000)
 ParOldGen       total 56832K, used 6892K [0x0000000082600000, 0x0000000085d80000, 0x00000000d6200000)
  object space 56832K, 12% used [0x0000000082600000,0x0000000082cbb1e0,0x0000000085d80000)
 Metaspace       used 23178K, capacity 23866K, committed 24064K, reserved 1071104K
  class space    used 3007K, capacity 3209K, committed 3328K, reserved 1048576K
}
Event: 6.071 GC heap before
{Heap before GC invocations=8 (full 1):
 PSYoungGen      total 56320K, used 56105K [0x00000000d6200000, 0x00000000dae00000, 0x0000000100000000)
  eden space 52224K, 100% used [0x00000000d6200000,0x00000000d9500000,0x00000000d9500000)
  from space 4096K, 94% used [0x00000000daa00000,0x00000000dadca778,0x00000000dae00000)
  to   space 8192K, 0% used [0x00000000d9e00000,0x00000000d9e00000,0x00000000da600000)
 ParOldGen       total 56832K, used 6892K [0x0000000082600000, 0x0000000085d80000, 0x00000000d6200000)
  object space 56832K, 12% used [0x0000000082600000,0x0000000082cbb1e0,0x0000000085d80000)
 Metaspace       used 27321K, capacity 28272K, committed 28416K, reserved 1073152K
  class space    used 3529K, capacity 3752K, committed 3840K, reserved 1048576K
Event: 6.086 GC heap after
Heap after GC invocations=8 (full 1):
 PSYoungGen      total 69632K, used 6092K [0x00000000d6200000, 0x00000000dc180000, 0x0000000100000000)
  eden space 61440K, 0% used [0x00000000d6200000,0x00000000d6200000,0x00000000d9e00000)
  from space 8192K, 74% used [0x00000000d9e00000,0x00000000da3f33b8,0x00000000da600000)
  to   space 8192K, 0% used [0x00000000db980000,0x00000000db980000,0x00000000dc180000)
 ParOldGen       total 56832K, used 6964K [0x0000000082600000, 0x0000000085d80000, 0x00000000d6200000)
  object space 56832K, 12% used [0x0000000082600000,0x0000000082ccd1f0,0x0000000085d80000)
 Metaspace       used 27321K, capacity 28272K, committed 28416K, reserved 1073152K
  class space    used 3529K, capacity 3752K, committed 3840K, reserved 1048576K
}
Event: 7.274 GC heap before
{Heap before GC invocations=9 (full 1):
 PSYoungGen      total 69632K, used 67532K [0x00000000d6200000, 0x00000000dc180000, 0x0000000100000000)
  eden space 61440K, 100% used [0x00000000d6200000,0x00000000d9e00000,0x00000000d9e00000)
  from space 8192K, 74% used [0x00000000d9e00000,0x00000000da3f33b8,0x00000000da600000)
  to   space 8192K, 0% used [0x00000000db980000,0x00000000db980000,0x00000000dc180000)
 ParOldGen       total 56832K, used 6964K [0x0000000082600000, 0x0000000085d80000, 0x00000000d6200000)
  object space 56832K, 12% used [0x0000000082600000,0x0000000082ccd1f0,0x0000000085d80000)
 Metaspace       used 30394K, capacity 31440K, committed 31616K, reserved 1077248K
  class space    used 3916K, capacity 4174K, committed 4224K, reserved 1048576K

